# JRE version: OpenJDK Runtime Environment Temurin-17.0.13+11 (17.0.13+11) (build 17.0.13+11)
# Java VM: OpenJDK 64-Bit Server VM Temurin-17.0.13+11 (17.0.13+11, mixed mode, tiered, compressed oops, compressed class ptrs, g1 gc, windows-amd64)
GC Precious Log:
 CPUs: 4 total, 4 available
 Memory: 3835M
 Large Page Support: Disabled
 NUMA Support: Disabled
 Compressed Oops: Enabled (32-bit)
 Heap Region Size: 1M
 Heap Min Capacity: 8M
 Heap Initial Capacity: 60M
 Heap Max Capacity: 960M
 Pre-touch: Disabled
 Parallel Workers: 4
 Concurrent Workers: 1
 Concurrent Refinement Workers: 4
 Periodic GC: Disabled
Heap:
 garbage-first heap   total 81920K, used 42586K [0x00000000c4000000, 0x0000000100000000)
  region size 1024K, 15 young (15360K), 3 survivors (3072K)
 Metaspace       used 84458K, committed 85184K, reserved 1179648K
  class space    used 10808K, committed 11136K, reserved 1048576K
GC Heap History (20 events):
Event: 4588.451 GC heap after
{Heap after GC invocations=63 (full 10):
 garbage-first heap   total 81920K, used 29301K [0x00000000c4000000, 0x0000000100000000)
  region size 1024K, 3 young (3072K), 3 survivors (3072K)
 Metaspace       used 82414K, committed 83008K, reserved 1179648K
  class space    used 10689K, committed 10944K, reserved 1048576K
}
Event: 4885.944 GC heap before
{Heap before GC invocations=63 (full 10):
 garbage-first heap   total 81920K, used 57973K [0x00000000c4000000, 0x0000000100000000)
  region size 1024K, 32 young (32768K), 3 survivors (3072K)
 Metaspace       used 82769K, committed 83392K, reserved 1179648K
  class space    used 10717K, committed 11008K, reserved 1048576K
}
Event: 4888.133 GC heap after
{Heap after GC invocations=64 (full 11):
 garbage-first heap   total 81920K, used 26714K [0x00000000c4000000, 0x0000000100000000)
  region size 1024K, 0 young (0K), 0 survivors (0K)
 Metaspace       used 82766K, committed 83392K, reserved 1179648K
  class space    used 10717K, committed 11008K, reserved 1048576K
}
Event: 4893.440 GC heap before
{Heap before GC invocations=64 (full 11):
 garbage-first heap   total 81920K, used 63578K [0x00000000c4000000, 0x0000000100000000)
  region size 1024K, 36 young (36864K), 0 survivors (0K)
 Metaspace       used 82843K, committed 83456K, reserved 1179648K
  class space    used 10721K, committed 11008K, reserved 1048576K
}
Event: 4893.453 GC heap after
{Heap after GC invocations=65 (full 11):
 garbage-first heap   total 81920K, used 29756K [0x00000000c4000000, 0x0000000100000000)
  region size 1024K, 3 young (3072K), 3 survivors (3072K)
 Metaspace       used 82843K, committed 83456K, reserved 1179648K
  class space    used 10721K, committed 11008K, reserved 1048576K
}
Event: 5473.291 GC heap before
{Heap before GC invocations=65 (full 11):
 garbage-first heap   total 81920K, used 63548K [0x00000000c4000000, 0x0000000100000000)
  region size 1024K, 37 young (37888K), 3 survivors (3072K)
 Metaspace       used 83167K, committed 83904K, reserved 1179648K
  class space    used 10734K, committed 11072K, reserved 1048576K
}
Event: 5473.425 GC heap after
{Heap after GC invocations=66 (full 11):
 garbage-first heap   total 81920K, used 31532K [0x00000000c4000000, 0x0000000100000000)
  region size 1024K, 3 young (3072K), 3 survivors (3072K)
 Metaspace       used 83167K, committed 83904K, reserved 1179648K
  class space    used 10734K, committed 11072K, reserved 1048576K
}
Event: 5974.836 GC heap before
{Heap before GC invocations=66 (full 11):
 garbage-first heap   total 81920K, used 40748K [0x00000000c4000000, 0x0000000100000000)
  region size 1024K, 13 young (13312K), 3 survivors (3072K)
 Metaspace       used 83227K, committed 83904K, reserved 1179648K
  class space    used 10736K, committed 11072K, reserved 1048576K
}
Event: 5982.537 GC heap after
{Heap after GC invocations=67 (full 12):
 garbage-first heap   total 81920K, used 26849K [0x00000000c4000000, 0x0000000100000000)
  region size 1024K, 0 young (0K), 0 survivors (0K)
 Metaspace       used 83224K, committed 83904K, reserved 1179648K
  class space    used 10735K, committed 11072K, reserved 1048576K
}
Event: 5998.988 GC heap before
{Heap before GC invocations=67 (full 12):
 garbage-first heap   total 81920K, used 62689K [0x00000000c4000000, 0x0000000100000000)
  region size 1024K, 36 young (36864K), 0 survivors (0K)
 Metaspace       used 83329K, committed 84032K, reserved 1179648K
  class space    used 10745K, committed 11072K, reserved 1048576K
}
Event: 5999.013 GC heap after
{Heap after GC invocations=68 (full 12):
 garbage-first heap   total 81920K, used 29888K [0x00000000c4000000, 0x0000000100000000)
  region size 1024K, 3 young (3072K), 3 survivors (3072K)
 Metaspace       used 83329K, committed 84032K, reserved 1179648K
  class space    used 10745K, committed 11072K, reserved 1048576K
}
Event: 6006.418 GC heap before
{Heap before GC invocations=68 (full 12):
 garbage-first heap   total 81920K, used 54464K [0x00000000c4000000, 0x0000000100000000)
  region size 1024K, 29 young (29696K), 3 survivors (3072K)
 Metaspace       used 83632K, committed 84352K, reserved 1179648K
  class space    used 10757K, committed 11072K, reserved 1048576K
}
Event: 6007.577 GC heap after
{Heap after GC invocations=69 (full 13):
 garbage-first heap   total 81920K, used 26310K [0x00000000c4000000, 0x0000000100000000)
  region size 1024K, 0 young (0K), 0 survivors (0K)
 Metaspace       used 83616K, committed 84352K, reserved 1179648K
  class space    used 10753K, committed 11072K, reserved 1048576K
}
Event: 6017.707 GC heap before
{Heap before GC invocations=69 (full 13):
 garbage-first heap   total 81920K, used 62150K [0x00000000c4000000, 0x0000000100000000)
  region size 1024K, 36 young (36864K), 0 survivors (0K)
 Metaspace       used 83671K, committed 84352K, reserved 1179648K
  class space    used 10757K, committed 11072K, reserved 1048576K
}
Event: 6017.730 GC heap after
{Heap after GC invocations=70 (full 13):
 garbage-first heap   total 81920K, used 29304K [0x00000000c4000000, 0x0000000100000000)
  region size 1024K, 3 young (3072K), 3 survivors (3072K)
 Metaspace       used 83671K, committed 84352K, reserved 1179648K
  class space    used 10757K, committed 11072K, reserved 1048576K
}
Event: 6707.620 GC heap before
{Heap before GC invocations=70 (full 13):
 garbage-first heap   total 81920K, used 64120K [0x00000000c4000000, 0x0000000100000000)
  region size 1024K, 37 young (37888K), 3 survivors (3072K)
 Metaspace       used 83915K, committed 84608K, reserved 1179648K
  class space    used 10766K, committed 11072K, reserved 1048576K
}
Event: 6707.910 GC heap after
{Heap after GC invocations=71 (full 13):
 garbage-first heap   total 81920K, used 30473K [0x00000000c4000000, 0x0000000100000000)
  region size 1024K, 2 young (2048K), 2 survivors (2048K)
 Metaspace       used 83915K, committed 84608K, reserved 1179648K
  class space    used 10766K, committed 11072K, reserved 1048576K
}
Event: 46665.137 GC heap before
{Heap before GC invocations=71 (full 13):
 garbage-first heap   total 81920K, used 62217K [0x00000000c4000000, 0x0000000100000000)
  region size 1024K, 34 young (34816K), 2 survivors (2048K)
 Metaspace       used 84048K, committed 84736K, reserved 1179648K
  class space    used 10774K, committed 11136K, reserved 1048576K
}
Event: 46665.373 GC heap after
{Heap after GC invocations=72 (full 13):
 garbage-first heap   total 81920K, used 31322K [0x00000000c4000000, 0x0000000100000000)
  region size 1024K, 3 young (3072K), 3 survivors (3072K)
 Metaspace       used 84048K, committed 84736K, reserved 1179648K
  class space    used 10774K, committed 11136K, reserved 1048576K
}
Event: 47193.437 GC heap before
{Heap before GC invocations=72 (full 13):
 garbage-first heap   total 81920K, used 42586K [0x00000000c4000000, 0x0000000100000000)
  region size 1024K, 15 young (15360K), 3 survivors (3072K)
 Metaspace       used 84458K, committed 85184K, reserved 1179648K
  class space    used 10808K, committed 11136K, reserved 1048576K
}

